<?xml version="1.0" encoding="UTF-8"?>
<!-- Generated by org.testng.reporters.JUnitReportReporter -->
<testsuite hostname="DESKTOP-J1H29KT" failures="0" tests="2" name="test.Magento" time="40.157" errors="0" timestamp="2021-02-28T20:48:51 CST" skipped="0">
  <testcase classname="test.Magento" name="register" time="22.619"/>
  <system-out/>
  <testcase classname="test.Magento" name="login" time="17.538"/>
  <system-out/>
</testsuite> <!-- test.Magento -->
